<!DOCTYPE html PUBLIC "-//W3C//DTD XHTML 1.1//EN" "https://www.w3.org/TR/xhtml11/DTD/xhtml11.dtd">
<html xmlns="https://www.w3.org/1999/xhtml">
<head>
<meta http-equiv="content-type" content="text/html; charset=UTF-8"/>
<title>TestNG Report</title>
<style type="text/css">table {margin-bottom:10px;border-collapse:collapse;empty-cells:show}th,td {border:1px solid #009;padding:.25em .5em}th {vertical-align:bottom}td {vertical-align:top}table a {font-weight:bold}.stripe td {background-color: #E6EBF9}.num {text-align:right}.passedodd td {background-color: #3F3}.passedeven td {background-color: #0A0}.skippedodd td {background-color: #DDD}.skippedeven td {background-color: #CCC}.failedodd td,.attn {background-color: #F33}.failedeven td,.stripe .attn {background-color: #D00}.stacktrace {white-space:pre;font-family:monospace}.totop {font-size:85%;text-align:center;border-bottom:2px solid #000}.invisible {display:none}</style>
</head>
<body>
<table>
<tr><th>Test</th><th># Passed</th><th># Skipped</th><th># Retried</th><th># Failed</th><th>Time (ms)</th><th>Included Groups</th><th>Excluded Groups</th></tr>
<tr><th colspan="8">SuiteDP</th></tr>
<tr><td><a href="#t0">chromeTestDP</a></td><td class="num">2</td><td class="num">0</td><td class="num">0</td><td class="num">0</td><td class="num">16,115</td><td></td><td></td></tr>
<tr class="stripe"><td><a href="#t1">edgeTestDP</a></td><td class="num">0</td><td class="num attn">2</td><td class="num">0</td><td class="num">0</td><td class="num">2,864</td><td></td><td></td></tr>
<tr><th>Total</th><th class="num">2</th><th class="num attn">2</th><th class="num">0</th><th class="num">0</th><th class="num">18,979</th><th colspan="2"></th></tr>
</table>
<table id='summary'><thead><tr><th>Class</th><th>Method</th><th>Start</th><th>Time (ms)</th></tr></thead><tbody><tr><th colspan="4">SuiteDP</th></tr></tbody><tbody id="t0"><tr><th colspan="4">chromeTestDP &#8212; passed</th></tr><tr class="passedeven"><td rowspan="2">com.testscenario.TestNGDataProvider</td><td><a href="#m0">f</a></td><td rowspan="2">1702424403282</td><td rowspan="2">6554</td></tr><tr class="passedeven"><td><a href="#m1">f</a></td></tr></tbody>
<tbody id="t1"><tr><th colspan="4">edgeTestDP &#8212; failed (configuration methods)</th></tr><tr class="failedeven"><td rowspan="1">com.testscenario.TestNGDataProvider</td><td><a href="#m2">beforeClass</a></td><td rowspan="1">1702424410022</td><td rowspan="1">2844</td></tr><tr><th colspan="4">edgeTestDP &#8212; skipped (configuration methods)</th></tr><tr class="skippedeven"><td rowspan="1">com.testscenario.TestNGDataProvider</td><td><a href="#m3">afterClass</a></td><td rowspan="1">1702424412884</td><td rowspan="1">0</td></tr><tr><th colspan="4">edgeTestDP &#8212; skipped</th></tr><tr class="skippedeven"><td rowspan="2">com.testscenario.TestNGDataProvider</td><td><a href="#m4">f</a></td><td rowspan="2">1702424412873</td><td rowspan="2">0</td></tr><tr class="skippedeven"><td><a href="#m5">f</a></td></tr></tbody>
</table>
<h2>chromeTestDP</h2><h3 id="m0">com.testscenario.TestNGDataProvider#f</h3><table class="result"><tr class="param"><th>Parameter #1</th><th>Parameter #2</th></tr><tr class="param stripe"><td>test2</td><td>pass2</td></tr></table><p class="totop"><a href="#summary">back to summary</a></p>
<h3 id="m1">com.testscenario.TestNGDataProvider#f</h3><table class="result"><tr class="param"><th>Parameter #1</th><th>Parameter #2</th></tr><tr class="param stripe"><td>test1</td><td>pass1</td></tr></table><p class="totop"><a href="#summary">back to summary</a></p>
<h2>edgeTestDP</h2><h3 id="m2">com.testscenario.TestNGDataProvider#beforeClass</h3><table class="result"><tr class="param"><th>Parameter #1</th></tr><tr class="param stripe"><td>edge</td></tr><tr><th>Exception</th></tr><tr><td><div class="stacktrace">org.openqa.selenium.SessionNotCreatedException: session not created: This version of Microsoft Edge WebDriver only supports Microsoft Edge version 121
Current browser version is 120.0.2210.61 with binary path C:\Program Files (x86)\Microsoft\Edge\Application\msedge.exe
Build info: version: &apos;3.141.59&apos;, revision: &apos;e82be7d358&apos;, time: &apos;2018-11-14T08:17:03&apos;
System info: host: &apos;TABLET-MFSEJGSN&apos;, ip: &apos;192.168.1.172&apos;, os.name: &apos;Windows 11&apos;, os.arch: &apos;amd64&apos;, os.version: &apos;10.0&apos;, java.version: &apos;17.0.9&apos;
Driver info: driver.version: EdgeDriver
remote stacktrace: 	GetHandleVerifier [0x00007FF75AFF4A52+60594]
	Microsoft::Applications::Events::ILogConfiguration::operator* [0x00007FF75AF83442+216434]
	(No symbol) [0x00007FF75AD999EB]
	(No symbol) [0x00007FF75ADD83D0]
	(No symbol) [0x00007FF75ADD76CF]
	(No symbol) [0x00007FF75ADD0784]
	(No symbol) [0x00007FF75ADCC73C]
	(No symbol) [0x00007FF75AE15F69]
	(No symbol) [0x00007FF75AE0AE03]
	(No symbol) [0x00007FF75ADDC168]
	(No symbol) [0x00007FF75ADDAFCF]
	(No symbol) [0x00007FF75ADDBD01]
	Microsoft::Applications::Events::EventProperty::to_string [0x00007FF75B1A2E1C+1037772]
	(No symbol) [0x00007FF75AE5ED58]
	Microsoft::Applications::Events::EventProperty::~EventProperty [0x00007FF75AEFD2EC+35148]
	Microsoft::Applications::Events::EventProperty::~EventProperty [0x00007FF75AEF5522+2946]
	Microsoft::Applications::Events::EventProperty::to_string [0x00007FF75B1A1863+1032211]
	Microsoft::Applications::Events::ILogConfiguration::operator* [0x00007FF75AF8C768+254104]
	Microsoft::Applications::Events::ILogConfiguration::operator* [0x00007FF75AF87F54+235652]
	Microsoft::Applications::Events::ILogConfiguration::operator* [0x00007FF75AF88082+235954]
	Microsoft::Applications::Events::ILogConfiguration::operator* [0x00007FF75AF7DA11+193345]
	BaseThreadInitThunk [0x00007FF8088A257D+29]
	RtlUserThreadStart [0x00007FF809E2AA58+40]

	at org.openqa.selenium.remote.W3CHandshakeResponse.lambda$errorHandler$0(W3CHandshakeResponse.java:62)
	at org.openqa.selenium.remote.HandshakeResponse.lambda$getResponseFunction$0(HandshakeResponse.java:30)
	at org.openqa.selenium.remote.ProtocolHandshake.lambda$createSession$0(ProtocolHandshake.java:126)
	at java.base/java.util.stream.ReferencePipeline$3$1.accept(ReferencePipeline.java:197)
	at java.base/java.util.Spliterators$ArraySpliterator.tryAdvance(Spliterators.java:1002)
	at java.base/java.util.stream.ReferencePipeline.forEachWithCancel(ReferencePipeline.java:129)
	at java.base/java.util.stream.AbstractPipeline.copyIntoWithCancel(AbstractPipeline.java:527)
	at java.base/java.util.stream.AbstractPipeline.copyInto(AbstractPipeline.java:513)
	at java.base/java.util.stream.AbstractPipeline.wrapAndCopyInto(AbstractPipeline.java:499)
	at java.base/java.util.stream.FindOps$FindOp.evaluateSequential(FindOps.java:150)
	at java.base/java.util.stream.AbstractPipeline.evaluate(AbstractPipeline.java:234)
	at java.base/java.util.stream.ReferencePipeline.findFirst(ReferencePipeline.java:647)
	at org.openqa.selenium.remote.ProtocolHandshake.createSession(ProtocolHandshake.java:128)
	at org.openqa.selenium.remote.ProtocolHandshake.createSession(ProtocolHandshake.java:74)
	at org.openqa.selenium.remote.HttpCommandExecutor.execute(HttpCommandExecutor.java:136)
	at org.openqa.selenium.remote.service.DriverCommandExecutor.execute(DriverCommandExecutor.java:83)
	at org.openqa.selenium.remote.RemoteWebDriver.execute(RemoteWebDriver.java:552)
	at org.openqa.selenium.remote.RemoteWebDriver.startSession(RemoteWebDriver.java:213)
	at org.openqa.selenium.remote.RemoteWebDriver.&lt;init&gt;(RemoteWebDriver.java:131)
	at org.openqa.selenium.edge.EdgeDriver.&lt;init&gt;(EdgeDriver.java:141)
	at org.openqa.selenium.edge.EdgeDriver.&lt;init&gt;(EdgeDriver.java:96)
	at com.utilities.CommonFunctions.edgeBrowserDriver(CommonFunctions.java:115)
	at com.testscenario.TestNGDataProvider.beforeClass(TestNGDataProvider.java:35)
	at java.base/java.util.ArrayList.forEach(ArrayList.java:1511)
... Removed 30 stack frames</div></td></tr></table><p class="totop"><a href="#summary">back to summary</a></p>
<h3 id="m3">com.testscenario.TestNGDataProvider#afterClass</h3><table class="result"><tr><th class="invisible"/></tr></table><p class="totop"><a href="#summary">back to summary</a></p>
<h3 id="m4">com.testscenario.TestNGDataProvider#f</h3><table class="result"><tr class="param"><th>Parameter #1</th><th>Parameter #2</th></tr><tr class="param stripe"><td>test1</td><td>pass1</td></tr><tr><th colspan="2">Exception</th></tr><tr><td colspan="2"><div class="stacktrace">org.openqa.selenium.SessionNotCreatedException: session not created: This version of Microsoft Edge WebDriver only supports Microsoft Edge version 121
Current browser version is 120.0.2210.61 with binary path C:\Program Files (x86)\Microsoft\Edge\Application\msedge.exe
Build info: version: &apos;3.141.59&apos;, revision: &apos;e82be7d358&apos;, time: &apos;2018-11-14T08:17:03&apos;
System info: host: &apos;TABLET-MFSEJGSN&apos;, ip: &apos;192.168.1.172&apos;, os.name: &apos;Windows 11&apos;, os.arch: &apos;amd64&apos;, os.version: &apos;10.0&apos;, java.version: &apos;17.0.9&apos;
Driver info: driver.version: EdgeDriver
remote stacktrace: 	GetHandleVerifier [0x00007FF75AFF4A52+60594]
	Microsoft::Applications::Events::ILogConfiguration::operator* [0x00007FF75AF83442+216434]
	(No symbol) [0x00007FF75AD999EB]
	(No symbol) [0x00007FF75ADD83D0]
	(No symbol) [0x00007FF75ADD76CF]
	(No symbol) [0x00007FF75ADD0784]
	(No symbol) [0x00007FF75ADCC73C]
	(No symbol) [0x00007FF75AE15F69]
	(No symbol) [0x00007FF75AE0AE03]
	(No symbol) [0x00007FF75ADDC168]
	(No symbol) [0x00007FF75ADDAFCF]
	(No symbol) [0x00007FF75ADDBD01]
	Microsoft::Applications::Events::EventProperty::to_string [0x00007FF75B1A2E1C+1037772]
	(No symbol) [0x00007FF75AE5ED58]
	Microsoft::Applications::Events::EventProperty::~EventProperty [0x00007FF75AEFD2EC+35148]
	Microsoft::Applications::Events::EventProperty::~EventProperty [0x00007FF75AEF5522+2946]
	Microsoft::Applications::Events::EventProperty::to_string [0x00007FF75B1A1863+1032211]
	Microsoft::Applications::Events::ILogConfiguration::operator* [0x00007FF75AF8C768+254104]
	Microsoft::Applications::Events::ILogConfiguration::operator* [0x00007FF75AF87F54+235652]
	Microsoft::Applications::Events::ILogConfiguration::operator* [0x00007FF75AF88082+235954]
	Microsoft::Applications::Events::ILogConfiguration::operator* [0x00007FF75AF7DA11+193345]
	BaseThreadInitThunk [0x00007FF8088A257D+29]
	RtlUserThreadStart [0x00007FF809E2AA58+40]

	at org.openqa.selenium.remote.W3CHandshakeResponse.lambda$errorHandler$0(W3CHandshakeResponse.java:62)
	at org.openqa.selenium.remote.HandshakeResponse.lambda$getResponseFunction$0(HandshakeResponse.java:30)
	at org.openqa.selenium.remote.ProtocolHandshake.lambda$createSession$0(ProtocolHandshake.java:126)
	at java.base/java.util.stream.ReferencePipeline$3$1.accept(ReferencePipeline.java:197)
	at java.base/java.util.Spliterators$ArraySpliterator.tryAdvance(Spliterators.java:1002)
	at java.base/java.util.stream.ReferencePipeline.forEachWithCancel(ReferencePipeline.java:129)
	at java.base/java.util.stream.AbstractPipeline.copyIntoWithCancel(AbstractPipeline.java:527)
	at java.base/java.util.stream.AbstractPipeline.copyInto(AbstractPipeline.java:513)
	at java.base/java.util.stream.AbstractPipeline.wrapAndCopyInto(AbstractPipeline.java:499)
	at java.base/java.util.stream.FindOps$FindOp.evaluateSequential(FindOps.java:150)
	at java.base/java.util.stream.AbstractPipeline.evaluate(AbstractPipeline.java:234)
	at java.base/java.util.stream.ReferencePipeline.findFirst(ReferencePipeline.java:647)
	at org.openqa.selenium.remote.ProtocolHandshake.createSession(ProtocolHandshake.java:128)
	at org.openqa.selenium.remote.ProtocolHandshake.createSession(ProtocolHandshake.java:74)
	at org.openqa.selenium.remote.HttpCommandExecutor.execute(HttpCommandExecutor.java:136)
	at org.openqa.selenium.remote.service.DriverCommandExecutor.execute(DriverCommandExecutor.java:83)
	at org.openqa.selenium.remote.RemoteWebDriver.execute(RemoteWebDriver.java:552)
	at org.openqa.selenium.remote.RemoteWebDriver.startSession(RemoteWebDriver.java:213)
	at org.openqa.selenium.remote.RemoteWebDriver.&lt;init&gt;(RemoteWebDriver.java:131)
	at org.openqa.selenium.edge.EdgeDriver.&lt;init&gt;(EdgeDriver.java:141)
	at org.openqa.selenium.edge.EdgeDriver.&lt;init&gt;(EdgeDriver.java:96)
	at com.utilities.CommonFunctions.edgeBrowserDriver(CommonFunctions.java:115)
	at com.testscenario.TestNGDataProvider.beforeClass(TestNGDataProvider.java:35)
	at java.base/java.util.ArrayList.forEach(ArrayList.java:1511)
... Removed 30 stack frames</div></td></tr></table><p class="totop"><a href="#summary">back to summary</a></p>
<h3 id="m5">com.testscenario.TestNGDataProvider#f</h3><table class="result"><tr class="param"><th>Parameter #1</th><th>Parameter #2</th></tr><tr class="param stripe"><td>test2</td><td>pass2</td></tr><tr><th colspan="2">Exception</th></tr><tr><td colspan="2"><div class="stacktrace">org.openqa.selenium.SessionNotCreatedException: session not created: This version of Microsoft Edge WebDriver only supports Microsoft Edge version 121
Current browser version is 120.0.2210.61 with binary path C:\Program Files (x86)\Microsoft\Edge\Application\msedge.exe
Build info: version: &apos;3.141.59&apos;, revision: &apos;e82be7d358&apos;, time: &apos;2018-11-14T08:17:03&apos;
System info: host: &apos;TABLET-MFSEJGSN&apos;, ip: &apos;192.168.1.172&apos;, os.name: &apos;Windows 11&apos;, os.arch: &apos;amd64&apos;, os.version: &apos;10.0&apos;, java.version: &apos;17.0.9&apos;
Driver info: driver.version: EdgeDriver
remote stacktrace: 	GetHandleVerifier [0x00007FF75AFF4A52+60594]
	Microsoft::Applications::Events::ILogConfiguration::operator* [0x00007FF75AF83442+216434]
	(No symbol) [0x00007FF75AD999EB]
	(No symbol) [0x00007FF75ADD83D0]
	(No symbol) [0x00007FF75ADD76CF]
	(No symbol) [0x00007FF75ADD0784]
	(No symbol) [0x00007FF75ADCC73C]
	(No symbol) [0x00007FF75AE15F69]
	(No symbol) [0x00007FF75AE0AE03]
	(No symbol) [0x00007FF75ADDC168]
	(No symbol) [0x00007FF75ADDAFCF]
	(No symbol) [0x00007FF75ADDBD01]
	Microsoft::Applications::Events::EventProperty::to_string [0x00007FF75B1A2E1C+1037772]
	(No symbol) [0x00007FF75AE5ED58]
	Microsoft::Applications::Events::EventProperty::~EventProperty [0x00007FF75AEFD2EC+35148]
	Microsoft::Applications::Events::EventProperty::~EventProperty [0x00007FF75AEF5522+2946]
	Microsoft::Applications::Events::EventProperty::to_string [0x00007FF75B1A1863+1032211]
	Microsoft::Applications::Events::ILogConfiguration::operator* [0x00007FF75AF8C768+254104]
	Microsoft::Applications::Events::ILogConfiguration::operator* [0x00007FF75AF87F54+235652]
	Microsoft::Applications::Events::ILogConfiguration::operator* [0x00007FF75AF88082+235954]
	Microsoft::Applications::Events::ILogConfiguration::operator* [0x00007FF75AF7DA11+193345]
	BaseThreadInitThunk [0x00007FF8088A257D+29]
	RtlUserThreadStart [0x00007FF809E2AA58+40]

	at org.openqa.selenium.remote.W3CHandshakeResponse.lambda$errorHandler$0(W3CHandshakeResponse.java:62)
	at org.openqa.selenium.remote.HandshakeResponse.lambda$getResponseFunction$0(HandshakeResponse.java:30)
	at org.openqa.selenium.remote.ProtocolHandshake.lambda$createSession$0(ProtocolHandshake.java:126)
	at java.base/java.util.stream.ReferencePipeline$3$1.accept(ReferencePipeline.java:197)
	at java.base/java.util.Spliterators$ArraySpliterator.tryAdvance(Spliterators.java:1002)
	at java.base/java.util.stream.ReferencePipeline.forEachWithCancel(ReferencePipeline.java:129)
	at java.base/java.util.stream.AbstractPipeline.copyIntoWithCancel(AbstractPipeline.java:527)
	at java.base/java.util.stream.AbstractPipeline.copyInto(AbstractPipeline.java:513)
	at java.base/java.util.stream.AbstractPipeline.wrapAndCopyInto(AbstractPipeline.java:499)
	at java.base/java.util.stream.FindOps$FindOp.evaluateSequential(FindOps.java:150)
	at java.base/java.util.stream.AbstractPipeline.evaluate(AbstractPipeline.java:234)
	at java.base/java.util.stream.ReferencePipeline.findFirst(ReferencePipeline.java:647)
	at org.openqa.selenium.remote.ProtocolHandshake.createSession(ProtocolHandshake.java:128)
	at org.openqa.selenium.remote.ProtocolHandshake.createSession(ProtocolHandshake.java:74)
	at org.openqa.selenium.remote.HttpCommandExecutor.execute(HttpCommandExecutor.java:136)
	at org.openqa.selenium.remote.service.DriverCommandExecutor.execute(DriverCommandExecutor.java:83)
	at org.openqa.selenium.remote.RemoteWebDriver.execute(RemoteWebDriver.java:552)
	at org.openqa.selenium.remote.RemoteWebDriver.startSession(RemoteWebDriver.java:213)
	at org.openqa.selenium.remote.RemoteWebDriver.&lt;init&gt;(RemoteWebDriver.java:131)
	at org.openqa.selenium.edge.EdgeDriver.&lt;init&gt;(EdgeDriver.java:141)
	at org.openqa.selenium.edge.EdgeDriver.&lt;init&gt;(EdgeDriver.java:96)
	at com.utilities.CommonFunctions.edgeBrowserDriver(CommonFunctions.java:115)
	at com.testscenario.TestNGDataProvider.beforeClass(TestNGDataProvider.java:35)
	at java.base/java.util.ArrayList.forEach(ArrayList.java:1511)
... Removed 30 stack frames</div></td></tr></table><p class="totop"><a href="#summary">back to summary</a></p>
</body>
</html>
